<?xml version="1.0" encoding="UTF-8"?>
<!-- Generated by org.testng.reporters.JUnitReportReporter -->
<testsuite hostname="Piyush-PC" name="testCases.LoginPageTest" tests="1" failures="0" timestamp="22 Mar 2020 07:20:56 GMT" time="26.426" errors="0">
  <testcase name="validateUserLogin" time="26.426" classname="testCases.LoginPageTest"/>
</testsuite> <!-- testCases.LoginPageTest -->
