<?xml version="1.0" encoding="UTF-8"?>
<!-- Generated by org.testng.reporters.JUnitReportReporter -->
<testsuite hostname="Piyush-PC" name="testCases.LoginPageTest" tests="1" failures="0" timestamp="1 May 2020 16:51:22 GMT" time="55.235" errors="0">
  <testcase name="validateUserLogin" time="55.235" classname="testCases.LoginPageTest"/>
</testsuite> <!-- testCases.LoginPageTest -->
