<?xml version="1.0" encoding="UTF-8"?>
<!-- Generated by org.testng.reporters.JUnitReportReporter -->
<testsuite skipped="0" hostname="Piyush-PC" name="testCases.LoginPageTest" tests="1" failures="0" timestamp="02 May 2020 13:55:09 GMT" time="19.687" errors="0">
  <testcase name="validateUserLogin" time="19.687" classname="testCases.LoginPageTest"/>
</testsuite> <!-- testCases.LoginPageTest -->
